[16784:4820:0330/102104.377:WARNING:chrome_main_delegate.cc(740)] This is Chrome version 123.0.6312.86 (not a warning)
[16784:4820:0330/102104.444:INFO:policy_logger.cc(145)] :components\enterprise\browser\controller\chrome_browser_cloud_management_controller.cc(168) Starting CBCM Controller Initialization
[16784:4820:0330/102104.444:INFO:policy_logger.cc(145)] :components\enterprise\browser\controller\chrome_browser_cloud_management_controller.cc(196) No machine level policy manager exists.
[16784:4820:0330/102105.930:INFO:CONSOLE(2)] "buildRegion:  gcp", source: https://sf16-website-login.neutral.ttwstatic.com/obj/tiktok_web_login_static/ies/creator-center-web/gcp/static/js/main.af036bc7.js (2)
[16784:4820:0330/102105.930:INFO:CONSOLE(2)] "i18nConfig:  [object Object]", source: https://sf16-website-login.neutral.ttwstatic.com/obj/tiktok_web_login_static/ies/creator-center-web/gcp/static/js/main.af036bc7.js (2)
[16784:4820:0330/102106.034:INFO:CONSOLE(1)] ".", source: https://sf16-website-login.neutral.ttwstatic.com/obj/tiktok_web_login_static/webmssdk/1.0.0.95/webmssdk.js (1)
[16784:4820:0330/102106.506:INFO:CONSOLE(1)] ".", source: https://sf16-website-login.neutral.ttwstatic.com/obj/tiktok_web_login_static/webmssdk/1.0.0.57/webmssdk.js (1)
[16784:4820:0330/102106.659:INFO:CONSOLE(2)] "spooky", source: https://sf16-website-login.neutral.ttwstatic.com/obj/tiktok_web_login_static/ies/creator_center/static/js/async/799.01648113.js (2)
[16784:4820:0330/102106.906:WARNING:capture_device_ranking.h(255)] Can't initialize the value of media.audio_input.user_preference_ranking because media.default_audio_capture_device isn't registered or is empty
[16784:4820:0330/102106.906:WARNING:capture_device_ranking.h(255)] Can't initialize the value of media.video_input.user_preference_ranking because media.default_video_capture_Device isn't registered or is empty
[16784:4820:0330/102107.144:INFO:CONSOLE(2)] "sdk uid exp hit", source: https://sf16-website-login.neutral.ttwstatic.com/obj/tiktok_web_login_static/ies/creator_center/static/js/async/799.01648113.js (2)
[16784:4820:0330/102107.421:INFO:CONSOLE(0)] "Third-party cookie will be blocked. Learn more in the Issues tab.", source: https://www.tiktok.com/creator-center/upload?lang=fr (0)
[16784:4820:0330/102107.423:INFO:CONSOLE(0)] "Third-party cookie will be blocked. Learn more in the Issues tab.", source: https://www.tiktok.com/creator-center/upload?lang=fr (0)
[16784:4820:0330/102108.444:INFO:CONSOLE(1)] "mobilecv2: 1.8.16.0323", source: blob:https://www.tiktok.com/53712086-fecc-4866-a7f5-29a33390cb85 (1)
[16784:4820:0330/102108.444:INFO:CONSOLE(1)] "espresso version: 2.11.81.1121", source: blob:https://www.tiktok.com/53712086-fecc-4866-a7f5-29a33390cb85 (1)
[16784:4820:0330/102108.482:INFO:CONSOLE(1)] "Canvas2D: Multiple readback operations using getImageData are faster with the willReadFrequently attribute set to true. See: https://html.spec.whatwg.org/multipage/canvas.html#concept-canvas-will-read-frequently", source: https://s20.tiktokcdn.com/tiktok/common/init.js?seed=AIBSlo6OAQAAoDsDyQdnWiaeuM5VURlooXEveD8VHniC9XMf_tQhKW2lnQlM&hTc6j8Njvn--z=q (1)
[16784:4820:0330/102108.898:INFO:CONSOLE(0)] "Third-party cookie will be blocked. Learn more in the Issues tab.", source: https://www.tiktok.com/creator-center/upload?lang=fr (0)
[16784:4820:0330/102108.898:INFO:CONSOLE(0)] "Third-party cookie will be blocked. Learn more in the Issues tab.", source: https://www.tiktok.com/creator-center/upload?lang=fr (0)
[16784:4820:0330/102108.926:INFO:CONSOLE(1)] "Canvas2D: Multiple readback operations using getImageData are faster with the willReadFrequently attribute set to true. See: https://html.spec.whatwg.org/multipage/canvas.html#concept-canvas-will-read-frequently", source: https://s20.tiktokcdn.com/tiktok/common/init.js?seed=AIBSlo6OAQAAoDsDyQdnWiaeuM5VURlooXEveD8VHniC9XMf_tQhKW2lnQlM&hTc6j8Njvn--z=q (1)
[16784:4820:0330/102108.970:INFO:CONSOLE(1)] "Canvas2D: Multiple readback operations using getImageData are faster with the willReadFrequently attribute set to true. See: https://html.spec.whatwg.org/multipage/canvas.html#concept-canvas-will-read-frequently", source: https://s20.tiktokcdn.com/tiktok/common/init.js?seed=AIBSlo6OAQAAoDsDyQdnWiaeuM5VURlooXEveD8VHniC9XMf_tQhKW2lnQlM&hTc6j8Njvn--z=q (1)
[16784:4820:0330/102109.032:INFO:CONSOLE(1)] "[performance] an error occured when calling measure(selectVideoFiles,selectVideoFiles-start,selectVideoFiles-end) [object DOMException]", source: https://sf16-website-login.neutral.ttwstatic.com/obj/tiktok_web_login_static/ies/creator_center/static/js/main.4963c362.js (1)
[16784:4820:0330/102109.253:INFO:CONSOLE(1)] "[I:2024/03/30 10:21:09.251:VESDK] [16408056:configUserValue:TERuntimeConfig.cpp:158] TERuntimeConfig; (Msg): {ABRefactor configUserValue}; (config): {UseGaussianOpt}[], (val): {1}[], (isGlobal): {1}[], _for_auto_analysis_", source: blob:https://www.tiktok.com/53712086-fecc-4866-a7f5-29a33390cb85 (1)
[16784:4820:0330/102109.254:INFO:CONSOLE(1)] "[I:2024/03/30 10:21:09.253:VESDK] [16408056:configUserValue:TERuntimeConfig.cpp:158] TERuntimeConfig; (Msg): {ABRefactor configUserValue}; (config): {UseEffectTransiton}[], (val): {1}[], (isGlobal): {1}[], _for_auto_analysis_", source: blob:https://www.tiktok.com/53712086-fecc-4866-a7f5-29a33390cb85 (1)
[16784:4820:0330/102109.254:INFO:CONSOLE(1)] "[I:2024/03/30 10:21:09.253:VESDK] [16408056:configUserValue:TERuntimeConfig.cpp:158] TERuntimeConfig; (Msg): {ABRefactor configUserValue}; (config): {LoadImageOptimize}[], (val): {0}[], (isGlobal): {1}[], _for_auto_analysis_", source: blob:https://www.tiktok.com/53712086-fecc-4866-a7f5-29a33390cb85 (1)
[16784:4820:0330/102109.254:INFO:CONSOLE(1)] "[I:2024/03/30 10:21:09.253:VESDK] [16408056:configUserValue:TERuntimeConfig.cpp:158] TERuntimeConfig; (Msg): {ABRefactor configUserValue}; (config): {UseRefaCanvasWrap}[], (val): {1}[], (isGlobal): {1}[], _for_auto_analysis_", source: blob:https://www.tiktok.com/53712086-fecc-4866-a7f5-29a33390cb85 (1)
[16784:4820:0330/102109.254:INFO:CONSOLE(1)] "[I:2024/03/30 10:21:09.253:VESDK] [16408056:configUserValue:TERuntimeConfig.cpp:158] TERuntimeConfig; (Msg): {ABRefactor configUserValue}; (config): {UseImageAllocator}[], (val): {0}[], (isGlobal): {1}[], _for_auto_analysis_", source: blob:https://www.tiktok.com/53712086-fecc-4866-a7f5-29a33390cb85 (1)
[16784:4820:0330/102109.255:INFO:CONSOLE(1)] "[I:2024/03/30 10:21:09.254:VESDK] [16408056:configUserValue:TERuntimeConfig.cpp:152] TERuntimeConfig; (Msg): {ABRefactor configUserValue}; (config): {UseNewEngineEffectOpt}[], (val): {2}[], (isGlobal): {1}[], _for_auto_analysis_", source: blob:https://www.tiktok.com/53712086-fecc-4866-a7f5-29a33390cb85 (1)
[16784:4820:0330/102109.255:INFO:CONSOLE(1)] "[I:2024/03/30 10:21:09.254:VESDK] [16408056:configUserValue:TERuntimeConfig.cpp:158] TERuntimeConfig; (Msg): {ABRefactor configUserValue}; (config): {UseMultiEffectOpt}[], (val): {1}[], (isGlobal): {1}[], _for_auto_analysis_", source: blob:https://www.tiktok.com/53712086-fecc-4866-a7f5-29a33390cb85 (1)
[16784:4820:0330/102109.255:INFO:CONSOLE(1)] "[I:2024/03/30 10:21:09.254:VESDK] [16408056:configUserValue:TERuntimeConfig.cpp:158] TERuntimeConfig; (Msg): {ABRefactor configUserValue}; (config): {vesdk_audiomix_replace}[], (val): {1}[], (isGlobal): {1}[], _for_auto_analysis_", source: blob:https://www.tiktok.com/53712086-fecc-4866-a7f5-29a33390cb85 (1)
[16784:4820:0330/102109.255:INFO:CONSOLE(1)] "[I:2024/03/30 10:21:09.254:VESDK] [16408056:configUserValue:TERuntimeConfig.cpp:158] TERuntimeConfig; (Msg): {ABRefactor configUserValue}; (config): {vesdk_high_speed_change_opt}[], (val): {1}[], (isGlobal): {1}[], _for_auto_analysis_", source: blob:https://www.tiktok.com/53712086-fecc-4866-a7f5-29a33390cb85 (1)
[16784:4820:0330/102109.255:INFO:CONSOLE(1)] "[I:2024/03/30 10:21:09.254:VESDK] [16408056:configUserValue:TERuntimeConfig.cpp:158] TERuntimeConfig; (Msg): {ABRefactor configUserValue}; (config): {SetStickerResolutionWithHeight}[], (val): {1}[], (isGlobal): {1}[], _for_auto_analysis_", source: blob:https://www.tiktok.com/53712086-fecc-4866-a7f5-29a33390cb85 (1)
[16784:4820:0330/102109.255:INFO:CONSOLE(1)] "[I:2024/03/30 10:21:09.254:VESDK] [16408056:configUserValue:TERuntimeConfig.cpp:158] TERuntimeConfig; (Msg): {ABRefactor configUserValue}; (config): {EnbaleInfoStickerTrans}[], (val): {0}[], (isGlobal): {1}[], _for_auto_analysis_", source: blob:https://www.tiktok.com/53712086-fecc-4866-a7f5-29a33390cb85 (1)
[16784:4820:0330/102109.255:INFO:CONSOLE(1)] "[I:2024/03/30 10:21:09.254:VESDK] [16408056:configUserValue:TERuntimeConfig.cpp:158] TERuntimeConfig; (Msg): {ABRefactor configUserValue}; (config): {setBrickFilterInSequenceBin}[], (val): {0}[], (isGlobal): {1}[], _for_auto_analysis_", source: blob:https://www.tiktok.com/53712086-fecc-4866-a7f5-29a33390cb85 (1)
[16784:4820:0330/102109.255:INFO:CONSOLE(1)] "[I:2024/03/30 10:21:09.254:VESDK] [16408056:configUserValue:TERuntimeConfig.cpp:158] TERuntimeConfig; (Msg): {ABRefactor configUserValue}; (config): {setSubtrackInLVSupportMultipleClips}[], (val): {0}[], (isGlobal): {1}[], _for_auto_analysis_", source: blob:https://www.tiktok.com/53712086-fecc-4866-a7f5-29a33390cb85 (1)
[16784:4820:0330/102109.255:INFO:CONSOLE(1)] "[I:2024/03/30 10:21:09.254:VESDK] [16408056:configUserValue:TERuntimeConfig.cpp:158] TERuntimeConfig; (Msg): {ABRefactor configUserValue}; (config): {vesdk_enable_apple_hdr_support}[], (val): {1}[], (isGlobal): {1}[], _for_auto_analysis_", source: blob:https://www.tiktok.com/53712086-fecc-4866-a7f5-29a33390cb85 (1)
[16784:4820:0330/102109.255:INFO:CONSOLE(1)] "[I:2024/03/30 10:21:09.254:VESDK] [16408056:configUserValue:TERuntimeConfig.cpp:158] TERuntimeConfig; (Msg): {ABRefactor configUserValue}; (config): {EnableHdrToneMapping}[], (val): {1}[], (isGlobal): {1}[], _for_auto_analysis_", source: blob:https://www.tiktok.com/53712086-fecc-4866-a7f5-29a33390cb85 (1)
[16784:4820:0330/102109.255:INFO:CONSOLE(1)] "[I:2024/03/30 10:21:09.254:VESDK] [16408056:configUserValue:TERuntimeConfig.cpp:158] TERuntimeConfig; (Msg): {ABRefactor configUserValue}; (config): {enable_android_hdr2sdr_support}[], (val): {1}[], (isGlobal): {1}[], _for_auto_analysis_", source: blob:https://www.tiktok.com/53712086-fecc-4866-a7f5-29a33390cb85 (1)
[16784:4820:0330/102109.255:INFO:CONSOLE(1)] "[I:2024/03/30 10:21:09.254:VESDK] [16408056:configUserValue:TERuntimeConfig.cpp:158] TERuntimeConfig; (Msg): {ABRefactor configUserValue}; (config): {color_space}[], (val): {0}[], (isGlobal): {1}[], _for_auto_analysis_", source: blob:https://www.tiktok.com/53712086-fecc-4866-a7f5-29a33390cb85 (1)
[16784:4820:0330/102109.255:INFO:CONSOLE(1)] "[I:2024/03/30 10:21:09.255:VESDK] [16408056:configUserValue:TERuntimeConfig.cpp:158] TERuntimeConfig; (Msg): {ABRefactor configUserValue}; (config): {alpha_channel_premultiply}[], (val): {1}[], (isGlobal): {1}[], _for_auto_analysis_", source: blob:https://www.tiktok.com/53712086-fecc-4866-a7f5-29a33390cb85 (1)
[16784:4820:0330/102109.255:INFO:CONSOLE(1)] "[I:2024/03/30 10:21:09.255:VESDK] [16408056:configUserValue:TERuntimeConfig.cpp:158] TERuntimeConfig; (Msg): {ABRefactor configUserValue}; (config): {vesdk_enable_reader_refactor}[], (val): {1}[], (isGlobal): {1}[], _for_auto_analysis_", source: blob:https://www.tiktok.com/53712086-fecc-4866-a7f5-29a33390cb85 (1)
[16784:4820:0330/102109.256:INFO:CONSOLE(1)] "[I:2024/03/30 10:21:09.255:VESDK] [16408056:configUserValue:TERuntimeConfig.cpp:158] TERuntimeConfig; (Msg): {ABRefactor configUserValue}; (config): {EnableGlobalEffect}[], (val): {1}[], (isGlobal): {1}[], _for_auto_analysis_", source: blob:https://www.tiktok.com/53712086-fecc-4866-a7f5-29a33390cb85 (1)
[16784:4820:0330/102109.256:INFO:CONSOLE(1)] "[I:2024/03/30 10:21:09.255:VESDK] [16408056:configUserValue:TERuntimeConfig.cpp:158] TERuntimeConfig; (Msg): {ABRefactor configUserValue}; (config): {ve_enable_glflush_opt}[], (val): {1}[], (isGlobal): {1}[], _for_auto_analysis_", source: blob:https://www.tiktok.com/53712086-fecc-4866-a7f5-29a33390cb85 (1)
[16784:4820:0330/102109.256:INFO:CONSOLE(1)] "[I:2024/03/30 10:21:09.255:VESDK] [16408056:configUserValue:TERuntimeConfig.cpp:152] TERuntimeConfig; (Msg): {ABRefactor configUserValue}; (config): {MaxAudioReaderCount}[], (val): {16}[], (isGlobal): {1}[], _for_auto_analysis_", source: blob:https://www.tiktok.com/53712086-fecc-4866-a7f5-29a33390cb85 (1)
[16784:4820:0330/102109.256:INFO:CONSOLE(1)] "[I:2024/03/30 10:21:09.255:VESDK] [16408056:configUserValue:TERuntimeConfig.cpp:158] TERuntimeConfig; (Msg): {ABRefactor configUserValue}; (config): {vesdk_use_agfxcontext}[], (val): {0}[], (isGlobal): {1}[], _for_auto_analysis_", source: blob:https://www.tiktok.com/53712086-fecc-4866-a7f5-29a33390cb85 (1)
[16784:4820:0330/102109.256:INFO:CONSOLE(1)] "[I:2024/03/30 10:21:09.255:VESDK] [16408056:configUserValue:TERuntimeConfig.cpp:158] TERuntimeConfig; (Msg): {ABRefactor configUserValue}; (config): {vesdk_use_agfxmetal}[], (val): {0}[], (isGlobal): {1}[], _for_auto_analysis_", source: blob:https://www.tiktok.com/53712086-fecc-4866-a7f5-29a33390cb85 (1)
[16784:4820:0330/102109.257:INFO:CONSOLE(1)] "[I:2024/03/30 10:21:09.255:VESDK] [16408056:configUserValue:TERuntimeConfig.cpp:158] TERuntimeConfig; (Msg): {ABRefactor configUserValue}; (config): {enable_render_lib}[], (val): {0}[], (isGlobal): {1}[], _for_auto_analysis_", source: blob:https://www.tiktok.com/53712086-fecc-4866-a7f5-29a33390cb85 (1)
[16784:4820:0330/102109.257:INFO:CONSOLE(1)] "[I:2024/03/30 10:21:09.256:VESDK] [16408056:configUserValue:TERuntimeConfig.cpp:158] TERuntimeConfig; (Msg): {ABRefactor configUserValue}; (config): {crossplat_glbase_fbo}[], (val): {0}[], (isGlobal): {1}[], _for_auto_analysis_", source: blob:https://www.tiktok.com/53712086-fecc-4866-a7f5-29a33390cb85 (1)
[16784:4820:0330/102109.257:INFO:CONSOLE(1)] "[I:2024/03/30 10:21:09.256:VESDK] [16408056:configUserValue:TERuntimeConfig.cpp:158] TERuntimeConfig; (Msg): {ABRefactor configUserValue}; (config): {EnableImageTextureCache}[], (val): {1}[], (isGlobal): {1}[], _for_auto_analysis_", source: blob:https://www.tiktok.com/53712086-fecc-4866-a7f5-29a33390cb85 (1)
[16784:4820:0330/102109.257:INFO:CONSOLE(1)] "[I:2024/03/30 10:21:09.256:VESDK] [16408056:configUserValue:TERuntimeConfig.cpp:158] TERuntimeConfig; (Msg): {ABRefactor configUserValue}; (config): {ve_enable_render_encode_resolution_align4}[], (val): {1}[], (isGlobal): {1}[], _for_auto_analysis_", source: blob:https://www.tiktok.com/53712086-fecc-4866-a7f5-29a33390cb85 (1)
[16784:4820:0330/102109.262:INFO:CONSOLE(1)] "[I:2024/03/30 10:21:09.256:VESDK] [16408056:configUserValue:TERuntimeConfig.cpp:158] TERuntimeConfig; (Msg): {ABRefactor configUserValue}; (config): {EnableDownsamplingHQ}[], (val): {1}[], (isGlobal): {1}[], _for_auto_analysis_", source: blob:https://www.tiktok.com/53712086-fecc-4866-a7f5-29a33390cb85 (1)
[16784:4820:0330/102109.262:INFO:CONSOLE(1)] "[E:2024/03/30 10:21:09.257:VESDK] [16408056:setConfigValue:TERuntimeConfig.cpp:77] TERuntimeConfig write type error. id: EnableDownsamplingHQ, is globalConfig true", source: blob:https://www.tiktok.com/53712086-fecc-4866-a7f5-29a33390cb85 (1)
[16784:4820:0330/102109.262:INFO:CONSOLE(1)] "[I:2024/03/30 10:21:09.257:VESDK] [16408056:configUserValue:TERuntimeConfig.cpp:158] TERuntimeConfig; (Msg): {ABRefactor configUserValue}; (config): {ve_enable_render_layer}[], (val): {0}[], (isGlobal): {1}[], _for_auto_analysis_", source: blob:https://www.tiktok.com/53712086-fecc-4866-a7f5-29a33390cb85 (1)
[16784:4820:0330/102109.262:INFO:CONSOLE(1)] "[I:2024/03/30 10:21:09.258:VESDK] [16408056:configUserValue:TERuntimeConfig.cpp:158] TERuntimeConfig; (Msg): {ABRefactor configUserValue}; (config): {ve_enable_compile_timeout_diagnosis}[], (val): {1}[], (isGlobal): {1}[], _for_auto_analysis_", source: blob:https://www.tiktok.com/53712086-fecc-4866-a7f5-29a33390cb85 (1)
[16784:4820:0330/102109.262:INFO:CONSOLE(1)] "[I:2024/03/30 10:21:09.258:VESDK] [16408056:configUserValue:TERuntimeConfig.cpp:152] TERuntimeConfig; (Msg): {ABRefactor configUserValue}; (config): {MaxSoftwareFreeReaderCount}[], (val): {4}[], (isGlobal): {1}[], _for_auto_analysis_", source: blob:https://www.tiktok.com/53712086-fecc-4866-a7f5-29a33390cb85 (1)
[16784:4820:0330/102109.262:INFO:CONSOLE(1)] "[I:2024/03/30 10:21:09.258:VESDK] [16408056:configUserValue:TERuntimeConfig.cpp:158] TERuntimeConfig; (Msg): {ABRefactor configUserValue}; (config): {EnbaleInfoStickerTrans}[], (val): {1}[], (isGlobal): {1}[], _for_auto_analysis_", source: blob:https://www.tiktok.com/53712086-fecc-4866-a7f5-29a33390cb85 (1)
[16784:4820:0330/102109.262:INFO:CONSOLE(1)] "[I:2024/03/30 10:21:09.258:VESDK] [16408056:configUserValue:TERuntimeConfig.cpp:152] TERuntimeConfig; (Msg): {ABRefactor configUserValue}; (config): {ve_report_frequency}[], (val): {1}[], (isGlobal): {1}[], _for_auto_analysis_", source: blob:https://www.tiktok.com/53712086-fecc-4866-a7f5-29a33390cb85 (1)
[16784:4820:0330/102109.262:INFO:CONSOLE(1)] "[I:2024/03/30 10:21:09.258:VESDK] [16408056:configUserValue:TERuntimeConfig.cpp:158] TERuntimeConfig; (Msg): {ABRefactor configUserValue}; (config): {ve_enable_model_hot_update}[], (val): {1}[], (isGlobal): {1}[], _for_auto_analysis_", source: blob:https://www.tiktok.com/53712086-fecc-4866-a7f5-29a33390cb85 (1)
[16784:4820:0330/102109.262:INFO:CONSOLE(1)] "[I:2024/03/30 10:21:09.258:VESDK] [16408056:configUserValue:TERuntimeConfig.cpp:158] TERuntimeConfig; (Msg): {ABRefactor configUserValue}; (config): {EnableGlobalEffect}[], (val): {0}[], (isGlobal): {1}[], _for_auto_analysis_", source: blob:https://www.tiktok.com/53712086-fecc-4866-a7f5-29a33390cb85 (1)
[16784:4820:0330/102109.262:INFO:CONSOLE(1)] "[I:2024/03/30 10:21:09.258:VESDK] [16408056:configUserValue:TERuntimeConfig.cpp:152] TERuntimeConfig; (Msg): {ABRefactor configUserValue}; (config): {ve_enable_decoder_schedule_opt_hw}[], (val): {1}[], (isGlobal): {1}[], _for_auto_analysis_", source: blob:https://www.tiktok.com/53712086-fecc-4866-a7f5-29a33390cb85 (1)
[16784:4820:0330/102109.262:INFO:CONSOLE(1)] "[I:2024/03/30 10:21:09.258:VESDK] [16408056:configUserValue:TERuntimeConfig.cpp:158] TERuntimeConfig; (Msg): {ABRefactor configUserValue}; (config): {ve_enable_timeline_opt}[], (val): {1}[], (isGlobal): {1}[], _for_auto_analysis_", source: blob:https://www.tiktok.com/53712086-fecc-4866-a7f5-29a33390cb85 (1)
[16784:4820:0330/102109.262:INFO:CONSOLE(1)] "[I:2024/03/30 10:21:09.258:VESDK] [16408056:configUserValue:TERuntimeConfig.cpp:158] TERuntimeConfig; (Msg): {ABRefactor configUserValue}; (config): {ve_enbale_multil_clip_effect_bin_amazing_reuse}[], (val): {0}[], (isGlobal): {1}[], _for_auto_analysis_", source: blob:https://www.tiktok.com/53712086-fecc-4866-a7f5-29a33390cb85 (1)
[16784:4820:0330/102109.263:INFO:CONSOLE(1)] "[I:2024/03/30 10:21:09.263:VESDK] [16408056:read:TERuntimeConfigDef.cpp:88] TERuntimeConfig ABRefactor, GET ve_enable_first_frame_opt_public , value false, isGlobal 1", source: blob:https://www.tiktok.com/53712086-fecc-4866-a7f5-29a33390cb85 (1)
[16784:4820:0330/102109.264:INFO:CONSOLE(1)] "[I:2024/03/30 10:21:09.264:VESDK] [16408056:read:TERuntimeConfigDef.cpp:88] TERuntimeConfig ABRefactor, GET vesdk_ffmpeg_enable_video_timestamp_monotonic , value false, isGlobal 1", source: blob:https://www.tiktok.com/53712086-fecc-4866-a7f5-29a33390cb85 (1)
[16784:4820:0330/102109.266:INFO:CONSOLE(1)] "[js] open url blob:https://www.tiktok.com/f59191f6-512a-4b35-867e-0c9beb711a60, file size:681965, 0xfc5fe0", source: blob:https://www.tiktok.com/53712086-fecc-4866-a7f5-29a33390cb85 (1)
[16784:4820:0330/102109.266:INFO:CONSOLE(1)] "[I:3.167810:13720936:VESDK] [blob][13720936:open_blob_url_callback:74] handle:0xfc5fe0, blob size:681965", source: blob:https://www.tiktok.com/53712086-fecc-4866-a7f5-29a33390cb85 (1)
[16784:4820:0330/102109.267:INFO:CONSOLE(1)] "Thread 16408056: [I:1.495070:16408056:VESDK] [blob][16408056:blob_open:223] open url:blob:https://www.tiktok.com/f59191f6-512a-4b35-867e-0c9beb711a60 success!, size:681965", source: blob:https://www.tiktok.com/53712086-fecc-4866-a7f5-29a33390cb85 (1)
[16784:4820:0330/102109.272:INFO:CONSOLE(1)] "Thread 16408056: [I:1.499710:16408056:VESDK] [blob][16408056:blob_read:278] about to reach EOF, available cache size:1258291, actually read:681965", source: blob:https://www.tiktok.com/53712086-fecc-4866-a7f5-29a33390cb85 (1)
[16784:4820:0330/102109.284:INFO:CONSOLE(1)] "Thread 16408056: [I:1.511940:16408056:VESDK] [blob][16408056:blob_read:278] about to reach EOF, available cache size:1258291, actually read:681917", source: blob:https://www.tiktok.com/53712086-fecc-4866-a7f5-29a33390cb85 (1)
[16784:4820:0330/102109.325:INFO:CONSOLE(1)] "[I:2024/03/30 10:21:09.324:VESDK] [16408056:parseMetaData:TEFFVideoDemuxer.cpp:602] demuxer metaData size:4, memorySize:36", source: blob:https://www.tiktok.com/53712086-fecc-4866-a7f5-29a33390cb85 (1)
[16784:4820:0330/102109.325:INFO:CONSOLE(1)] "[W:2024/03/30 10:21:09.325:VESDK] [16408056:_parseStreamInfo:TEFFVideoDemuxer.cpp:692] m_pVideoStream start_time:0, duration:5033984ms", source: blob:https://www.tiktok.com/53712086-fecc-4866-a7f5-29a33390cb85 (1)
[16784:4820:0330/102109.326:INFO:CONSOLE(1)] "[I:2024/03/30 10:21:09.325:VESDK] [16408056:_parseStreamInfo:TEFFVideoDemuxer.cpp:729] demuxer codecId:28", source: blob:https://www.tiktok.com/53712086-fecc-4866-a7f5-29a33390cb85 (1)
[16784:4820:0330/102109.326:INFO:CONSOLE(1)] "[I:2024/03/30 10:21:09.325:VESDK] [16408056:read:TERuntimeConfigDef.cpp:88] TERuntimeConfig ABRefactor, GET ve_seek_precision_opt , value false, isGlobal 1", source: blob:https://www.tiktok.com/53712086-fecc-4866-a7f5-29a33390cb85 (1)
[16784:4820:0330/102109.326:INFO:CONSOLE(1)] "[I:2024/03/30 10:21:09.325:VESDK] [16408056:_parseStreamInfo:TEFFVideoDemuxer.cpp:830] parseStream file: blob:https://www.tiktok.com/f59191f6-512a-4b35-867e-0c9beb711a60, bitDepth:8, format:0, codecpar size:720*720, sar: 1/1, dar: 0/1", source: blob:https://www.tiktok.com/53712086-fecc-4866-a7f5-29a33390cb85 (1)
[16784:4820:0330/102109.326:INFO:CONSOLE(1)] "[I:2024/03/30 10:21:09.325:VESDK] [16408056:openDemuxer:TEFFVideoDemuxer.cpp:368] fmtContext->start_time:0, start_time:0", source: blob:https://www.tiktok.com/53712086-fecc-4866-a7f5-29a33390cb85 (1)
[16784:4820:0330/102109.326:INFO:CONSOLE(1)] "[I:2024/03/30 10:21:09.325:VESDK] [16408056:getAVFileInfo:TEFFVideoDemuxer.cpp:129] TEFFVideoDemuxer nAudioStreamCount: 1 nVideoStreamCount: 1 duration: 5033984 nSampleRate: 44100 bitDepth: 8,duration: 5033984", source: blob:https://www.tiktok.com/53712086-fecc-4866-a7f5-29a33390cb85 (1)
[16784:4820:0330/102109.327:INFO:CONSOLE(1)] "[js] close handle:0xfc5fe0", source: blob:https://www.tiktok.com/53712086-fecc-4866-a7f5-29a33390cb85 (1)
[16784:4820:0330/102109.327:INFO:CONSOLE(1)] "delete context, handle:16539616", source: blob:https://www.tiktok.com/53712086-fecc-4866-a7f5-29a33390cb85 (1)
[16784:4820:0330/102109.327:INFO:CONSOLE(1)] "[I:2024/03/30 10:21:09.327:VESDK] [16408056:getMediaInfo:TEMediaInfoPool.cpp:64] get STEMediaInfo from TEDemuxCachePool, cost:64(ms)", source: blob:https://www.tiktok.com/53712086-fecc-4866-a7f5-29a33390cb85 (1)
[16784:4820:0330/102109.329:INFO:CONSOLE(1)] "[video meta] [object Object]", source: https://sf16-website-login.neutral.ttwstatic.com/obj/tiktok_web_login_static/ies/creator_center/static/js/main.4963c362.js (1)
[16784:4820:0330/102109.375:INFO:CONSOLE(1)] "code, reason 0 undefined", source: https://sf16-website-login.neutral.ttwstatic.com/obj/tiktok_web_login_static/ies/creator_center/static/js/main.4963c362.js (1)
[16784:4820:0330/102110.720:INFO:CONSOLE(2)] "complete [object Object]", source: https://sf16-website-login.neutral.ttwstatic.com/obj/tiktok_web_login_static/ies/creator_center/static/js/async/799.01648113.js (2)
[16784:4820:0330/102110.858:INFO:CONSOLE(1)] "[I:2024/03/30 10:21:10.857:VESDK] [13720936:setLogLevel:VEEditorImpl.cpp:1205] [VEPublic]level: 100", source: blob:https://www.tiktok.com/53712086-fecc-4866-a7f5-29a33390cb85 (1)
[16784:4820:0330/102111.870:INFO:CONSOLE(1)] "[js] open url blob:https://www.tiktok.com/ea7860fb-f2a3-4ed0-94a1-0f9626ed7074, file size:681965, 0x11f3c30", source: blob:https://www.tiktok.com/53712086-fecc-4866-a7f5-29a33390cb85 (1)
[16784:4820:0330/102112.351:INFO:CONSOLE(1)] "[js] close handle:0x11f3c30", source: blob:https://www.tiktok.com/53712086-fecc-4866-a7f5-29a33390cb85 (1)
[16784:4820:0330/102112.352:INFO:CONSOLE(1)] "delete context, handle:18824240", source: blob:https://www.tiktok.com/53712086-fecc-4866-a7f5-29a33390cb85 (1)
[16784:4820:0330/102112.528:INFO:CONSOLE(0)] "Third-party cookie will be blocked. Learn more in the Issues tab.", source: https://www.tiktok.com/creator-center/upload?lang=fr (0)
[16784:4820:0330/102112.528:INFO:CONSOLE(0)] "Third-party cookie will be blocked. Learn more in the Issues tab.", source: https://www.tiktok.com/creator-center/upload?lang=fr (0)
[16784:4820:0330/102112.545:INFO:CONSOLE(2)] "hasBeenIgnoredHistory false", source: https://sf16-website-login.neutral.ttwstatic.com/obj/tiktok_web_login_static/ies/creator_center/static/js/520.42aa6302.js (2)
[16784:4820:0330/102112.545:INFO:CONSOLE(2)] "Trigger:dispatchHistoryChange by push", source: https://sf16-website-login.neutral.ttwstatic.com/obj/tiktok_web_login_static/ies/creator_center/static/js/520.42aa6302.js (2)
[16784:4820:0330/102112.963:INFO:CONSOLE(1)] "[js] open url blob:https://www.tiktok.com/ea7860fb-f2a3-4ed0-94a1-0f9626ed7074, file size:681965, 0x2b7dfd0", source: blob:https://www.tiktok.com/53712086-fecc-4866-a7f5-29a33390cb85 (1)
[16784:4820:0330/102112.999:INFO:CONSOLE(1)] "[Animatic-Worker][10:21:12] version "0.0.0-next-20230717060332"", source: blob:https://www.tiktok.com/ff5d124e-b670-4daa-ba8e-d34c1f2ebf12 (1)
[16784:4820:0330/102113.429:INFO:CONSOLE(1)] "[js] open url blob:https://www.tiktok.com/ea7860fb-f2a3-4ed0-94a1-0f9626ed7074, file size:681965, 0x4ff0d40", source: blob:https://www.tiktok.com/53712086-fecc-4866-a7f5-29a33390cb85 (1)
[16784:4820:0330/102113.563:INFO:CONSOLE(1)] "[js] close handle:0x4ff0d40", source: blob:https://www.tiktok.com/53712086-fecc-4866-a7f5-29a33390cb85 (1)
[16784:4820:0330/102113.563:INFO:CONSOLE(1)] "delete context, handle:83823936", source: blob:https://www.tiktok.com/53712086-fecc-4866-a7f5-29a33390cb85 (1)
[16784:4820:0330/102113.642:INFO:CONSOLE(1)] "[js] open url blob:https://www.tiktok.com/ea7860fb-f2a3-4ed0-94a1-0f9626ed7074, file size:681965, 0x6a48930", source: blob:https://www.tiktok.com/53712086-fecc-4866-a7f5-29a33390cb85 (1)
[16784:4820:0330/102113.693:INFO:CONSOLE(1)] "[js] close handle:0x6a48930", source: blob:https://www.tiktok.com/53712086-fecc-4866-a7f5-29a33390cb85 (1)
[16784:4820:0330/102113.693:INFO:CONSOLE(1)] "delete context, handle:111446320", source: blob:https://www.tiktok.com/53712086-fecc-4866-a7f5-29a33390cb85 (1)
[16784:4820:0330/102115.590:ERROR:device_event_log_impl.cc(195)] [10:21:15.589] USB: usb_service_win.cc:105 SetupDiGetDeviceProperty({{A45C254E-DF1C-4EFD-8020-67D146A850E0}, 6}) failed: Élément introuvable. (0x490)
[16784:4820:0330/102118.011:INFO:CONSOLE(0)] "Third-party cookie will be blocked. Learn more in the Issues tab.", source: https://www.tiktok.com/creator-center/upload?lang=fr (0)
[16784:4820:0330/102118.011:INFO:CONSOLE(0)] "Third-party cookie will be blocked. Learn more in the Issues tab.", source: https://www.tiktok.com/creator-center/upload?lang=fr (0)
[16784:4820:0330/102140.454:WARNING:pref_notifier_impl.cc(41)] Pref observer for media_router.cast_allow_all_ips found at shutdown.
